Using pre-set license
Built from '2021.1/release' branch; Version is '2021.1.1f1 (6fdc41dfa55a) revision 7330881'; Using compiler version '192528614'; Build Type 'Release'
OS: 'Windows 10 Pro; OS build 19042.1237; Version 2009; 64bit' Language: 'ru' Physical Memory: 10185 MB
BatchMode: 1, IsHumanControllingUs: 0, StartBugReporterOnCrash: 0, Is64bit: 1, IsPro: 0

 COMMAND LINE ARGUMENTS:
C:\Program Files\Unity\Hub\Editor\2021.1.1f1\Editor\Unity.exe
-adb2
-batchMode
-noUpm
-name
AssetImportWorker3
-projectPath
C:/Unity Projects/Megame Tests/unity-developer-task-master
-logFile
Logs/AssetImportWorker3.log
-srvPort
63355
Successfully changed project path to: C:/Unity Projects/Megame Tests/unity-developer-task-master
C:/Unity Projects/Megame Tests/unity-developer-task-master
Using Asset Import Pipeline V2.
Refreshing native plugins compatible for Editor in 114.36 ms, found 1 plugins.
Preloading 0 native plugins for Editor in 0.00 ms.
Initialize engine version: 2021.1.1f1 (6fdc41dfa55a)
[Subsystems] Discovering subsystems at path C:/Program Files/Unity/Hub/Editor/2021.1.1f1/Editor/Data/Resources/UnitySubsystems
[Subsystems] Discovering subsystems at path C:/Unity Projects/Megame Tests/unity-developer-task-master/Assets
GfxDevice: creating device client; threaded=0; jobified=0
Direct3D:
    Version:  Direct3D 11.0 [level 11.1]
    Renderer: Radeon RX550/550 Series (ID=0x699f)
    Vendor:   ATI
    VRAM:     4076 MB
    Driver:   27.20.12027.1001
Initialize mono
Mono path[0] = 'C:/Program Files/Unity/Hub/Editor/2021.1.1f1/Editor/Data/Managed'
Mono path[1] = 'C:/Program Files/Unity/Hub/Editor/2021.1.1f1/Editor/Data/MonoBleedingEdge/lib/mono/unityjit'
Mono config path = 'C:/Program Files/Unity/Hub/Editor/2021.1.1f1/Editor/Data/MonoBleedingEdge/etc'
Using monoOptions --debugger-agent=transport=dt_socket,embedding=1,server=y,suspend=n,address=127.0.0.1:56052
Begin MonoManager ReloadAssembly
Registering precompiled unity dll's ...
Register platform support module: C:/Program Files/Unity/Hub/Editor/2021.1.1f1/Editor/Data/PlaybackEngines/WebGLSupport/UnityEditor.WebGL.Extensions.dll
Register platform support module: C:/Program Files/Unity/Hub/Editor/2021.1.1f1/Editor/Data/PlaybackEngines/WindowsStandaloneSupport/UnityEditor.WindowsStandalone.Extensions.dll
Registered in 0.005410 seconds.
Native extension for WindowsStandalone target not found
Native extension for WebGL target not found
Refreshing native plugins compatible for Editor in 112.07 ms, found 1 plugins.
Preloading 0 native plugins for Editor in 0.00 ms.
Mono: successfully reloaded assembly
- Completed reload, in 18.364 seconds
Platform modules already initialized, skipping
Registering precompiled user dll's ...
Registered in 0.006797 seconds.
Begin MonoManager ReloadAssembly
Native extension for WindowsStandalone target not found
Native extension for WebGL target not found
Refreshing native plugins compatible for Editor in 0.66 ms, found 1 plugins.
Preloading 0 native plugins for Editor in 0.00 ms.
Mono: successfully reloaded assembly
- Completed reload, in  1.561 seconds
Platform modules already initialized, skipping
========================================================================
Worker process is ready to serve import requests
Launched and connected shader compiler UnityShaderCompiler.exe after 3.64 seconds
Refreshing native plugins compatible for Editor in 0.67 ms, found 1 plugins.
Preloading 0 native plugins for Editor in 0.00 ms.
Unloading 2667 Unused Serialized files (Serialized files now loaded: 0)
System memory in use before: 98.7 MB.
System memory in use after: 98.9 MB.

Unloading 14 unused Assets to reduce memory usage. Loaded Objects now: 3122.
Total: 3.425700 ms (FindLiveObjects: 0.385500 ms CreateObjectMapping: 0.297300 ms MarkObjects: 2.655300 ms  DeleteObjects: 0.077600 ms)

========================================================================
Received Import Request.
  path: Assets/AnimationIntegration/Models/Gunner/AnimCC_Gunner_Idle.fbx
  artifactKey: Guid(df88063ce324fe64c839e9b01c6678a2) Importer(815301076,1909f56bfc062723c751e8b465ee728b)
Start importing Assets/AnimationIntegration/Models/Gunner/AnimCC_Gunner_Idle.fbx using Guid(df88063ce324fe64c839e9b01c6678a2) Importer(815301076,1909f56bfc062723c751e8b465ee728b)  -> (artifact id: '710f2d07fa838741b85183a4afd1855f') in 1.188538 seconds 
========================================================================
Received Prepare
Registering precompiled user dll's ...
Registered in 0.006144 seconds.
Begin MonoManager ReloadAssembly
Native extension for WindowsStandalone target not found
Native extension for WebGL target not found
Refreshing native plugins compatible for Editor in 0.66 ms, found 1 plugins.
Preloading 0 native plugins for Editor in 0.00 ms.
Mono: successfully reloaded assembly
- Completed reload, in  1.431 seconds
Platform modules already initialized, skipping
Refreshing native plugins compatible for Editor in 0.65 ms, found 1 plugins.
Preloading 0 native plugins for Editor in 0.00 ms.
Unloading 2661 Unused Serialized files (Serialized files now loaded: 0)
System memory in use before: 98.6 MB.
System memory in use after: 98.8 MB.

Unloading 9 unused Assets to reduce memory usage. Loaded Objects now: 3125.
Total: 2.650300 ms (FindLiveObjects: 0.258600 ms CreateObjectMapping: 0.142900 ms MarkObjects: 2.217200 ms  DeleteObjects: 0.029500 ms)

========================================================================
Received Prepare
Registering precompiled user dll's ...
Registered in 0.007226 seconds.
Begin MonoManager ReloadAssembly
Native extension for WindowsStandalone target not found
Native extension for WebGL target not found
Refreshing native plugins compatible for Editor in 0.75 ms, found 1 plugins.
Preloading 0 native plugins for Editor in 0.00 ms.
Mono: successfully reloaded assembly
- Completed reload, in  1.709 seconds
Platform modules already initialized, skipping
Refreshing native plugins compatible for Editor in 0.77 ms, found 1 plugins.
Preloading 0 native plugins for Editor in 0.00 ms.
Unloading 2661 Unused Serialized files (Serialized files now loaded: 0)
System memory in use before: 98.6 MB.
System memory in use after: 98.8 MB.

Unloading 9 unused Assets to reduce memory usage. Loaded Objects now: 3128.
Total: 4.231500 ms (FindLiveObjects: 0.380400 ms CreateObjectMapping: 0.312700 ms MarkObjects: 3.510700 ms  DeleteObjects: 0.024200 ms)

========================================================================
Received Import Request.
  Time since last request: 448.308143 seconds.
  path: Assets/AnimationIntegration/Models/Gunner/Idle.anim
  artifactKey: Guid(86a0cf9fdad736749bda0a54c552989a) Importer(815301076,1909f56bfc062723c751e8b465ee728b)
Start importing Assets/AnimationIntegration/Models/Gunner/Idle.anim using Guid(86a0cf9fdad736749bda0a54c552989a) Importer(815301076,1909f56bfc062723c751e8b465ee728b)  -> (artifact id: '9eec34877e11a58dcc323e8a657fc429') in 0.448250 seconds 
========================================================================
Received Import Request.
  Time since last request: 303.925818 seconds.
  path: Assets/AnimationIntegration/Models/Gunner/New Idle.anim
  artifactKey: Guid(7c3f7ca05cc1189418641e0a7ea75547) Importer(815301076,1909f56bfc062723c751e8b465ee728b)
Start importing Assets/AnimationIntegration/Models/Gunner/New Idle.anim using Guid(7c3f7ca05cc1189418641e0a7ea75547) Importer(815301076,1909f56bfc062723c751e8b465ee728b)  -> (artifact id: '89dd9703a44cd0d190006f031833f5f5') in 0.015423 seconds 
========================================================================
Received Prepare
Registering precompiled user dll's ...
Registered in 0.006066 seconds.
Begin MonoManager ReloadAssembly
Native extension for WindowsStandalone target not found
Native extension for WebGL target not found
Refreshing native plugins compatible for Editor in 0.63 ms, found 1 plugins.
Preloading 0 native plugins for Editor in 0.00 ms.
Mono: successfully reloaded assembly
- Completed reload, in  1.360 seconds
Platform modules already initialized, skipping
Refreshing native plugins compatible for Editor in 0.63 ms, found 1 plugins.
Preloading 0 native plugins for Editor in 0.00 ms.
Unloading 2661 Unused Serialized files (Serialized files now loaded: 0)
System memory in use before: 98.6 MB.
System memory in use after: 98.9 MB.

Unloading 9 unused Assets to reduce memory usage. Loaded Objects now: 3131.
Total: 2.610400 ms (FindLiveObjects: 0.273400 ms CreateObjectMapping: 0.140400 ms MarkObjects: 2.160500 ms  DeleteObjects: 0.034600 ms)

========================================================================
Received Prepare
Registering precompiled user dll's ...
Registered in 0.006435 seconds.
Begin MonoManager ReloadAssembly
Native extension for WindowsStandalone target not found
Native extension for WebGL target not found
Refreshing native plugins compatible for Editor in 0.69 ms, found 1 plugins.
Preloading 0 native plugins for Editor in 0.00 ms.
Mono: successfully reloaded assembly
- Completed reload, in  1.499 seconds
Platform modules already initialized, skipping
Refreshing native plugins compatible for Editor in 0.65 ms, found 1 plugins.
Preloading 0 native plugins for Editor in 0.00 ms.
Unloading 2661 Unused Serialized files (Serialized files now loaded: 0)
System memory in use before: 98.7 MB.
System memory in use after: 98.9 MB.

Unloading 9 unused Assets to reduce memory usage. Loaded Objects now: 3134.
Total: 2.918700 ms (FindLiveObjects: 0.336300 ms CreateObjectMapping: 0.202200 ms MarkObjects: 2.356800 ms  DeleteObjects: 0.021600 ms)

