Using pre-set license
Built from '2021.1/release' branch; Version is '2021.1.1f1 (6fdc41dfa55a) revision 7330881'; Using compiler version '192528614'; Build Type 'Release'
OS: 'Windows 10 Pro; OS build 19042.1237; Version 2009; 64bit' Language: 'ru' Physical Memory: 10185 MB
BatchMode: 1, IsHumanControllingUs: 0, StartBugReporterOnCrash: 0, Is64bit: 1, IsPro: 0

 COMMAND LINE ARGUMENTS:
C:\Program Files\Unity\Hub\Editor\2021.1.1f1\Editor\Unity.exe
-adb2
-batchMode
-noUpm
-name
AssetImportWorker0
-projectPath
C:/Unity Projects/Megame Tests/unity-developer-task-master
-logFile
Logs/AssetImportWorker0.log
-srvPort
64109
Successfully changed project path to: C:/Unity Projects/Megame Tests/unity-developer-task-master
C:/Unity Projects/Megame Tests/unity-developer-task-master
Using Asset Import Pipeline V2.
Refreshing native plugins compatible for Editor in 132.82 ms, found 1 plugins.
Preloading 0 native plugins for Editor in 0.00 ms.
Initialize engine version: 2021.1.1f1 (6fdc41dfa55a)
[Subsystems] Discovering subsystems at path C:/Program Files/Unity/Hub/Editor/2021.1.1f1/Editor/Data/Resources/UnitySubsystems
[Subsystems] Discovering subsystems at path C:/Unity Projects/Megame Tests/unity-developer-task-master/Assets
GfxDevice: creating device client; threaded=0; jobified=0
Direct3D:
    Version:  Direct3D 11.0 [level 11.1]
    Renderer: Radeon RX550/550 Series (ID=0x699f)
    Vendor:   ATI
    VRAM:     4076 MB
    Driver:   27.20.12027.1001
Initialize mono
Mono path[0] = 'C:/Program Files/Unity/Hub/Editor/2021.1.1f1/Editor/Data/Managed'
Mono path[1] = 'C:/Program Files/Unity/Hub/Editor/2021.1.1f1/Editor/Data/MonoBleedingEdge/lib/mono/unityjit'
Mono config path = 'C:/Program Files/Unity/Hub/Editor/2021.1.1f1/Editor/Data/MonoBleedingEdge/etc'
Using monoOptions --debugger-agent=transport=dt_socket,embedding=1,server=y,suspend=n,address=127.0.0.1:56408
Begin MonoManager ReloadAssembly
Registering precompiled unity dll's ...
Register platform support module: C:/Program Files/Unity/Hub/Editor/2021.1.1f1/Editor/Data/PlaybackEngines/WebGLSupport/UnityEditor.WebGL.Extensions.dll
Register platform support module: C:/Program Files/Unity/Hub/Editor/2021.1.1f1/Editor/Data/PlaybackEngines/WindowsStandaloneSupport/UnityEditor.WindowsStandalone.Extensions.dll
Registered in 0.005517 seconds.
Native extension for WindowsStandalone target not found
Native extension for WebGL target not found
Refreshing native plugins compatible for Editor in 118.08 ms, found 1 plugins.
Preloading 0 native plugins for Editor in 0.00 ms.
Mono: successfully reloaded assembly
- Completed reload, in  4.223 seconds
Platform modules already initialized, skipping
Registering precompiled user dll's ...
Registered in 0.006440 seconds.
Begin MonoManager ReloadAssembly
Native extension for WindowsStandalone target not found
Native extension for WebGL target not found
Refreshing native plugins compatible for Editor in 0.62 ms, found 1 plugins.
Preloading 0 native plugins for Editor in 0.00 ms.
Mono: successfully reloaded assembly
- Completed reload, in  1.738 seconds
Platform modules already initialized, skipping
========================================================================
Worker process is ready to serve import requests
Launched and connected shader compiler UnityShaderCompiler.exe after 0.05 seconds
Refreshing native plugins compatible for Editor in 0.63 ms, found 1 plugins.
Preloading 0 native plugins for Editor in 0.00 ms.
Unloading 2668 Unused Serialized files (Serialized files now loaded: 0)
System memory in use before: 98.6 MB.
System memory in use after: 98.8 MB.

Unloading 14 unused Assets to reduce memory usage. Loaded Objects now: 3123.
Total: 2.603700 ms (FindLiveObjects: 0.284100 ms CreateObjectMapping: 0.146000 ms MarkObjects: 2.099000 ms  DeleteObjects: 0.072900 ms)

========================================================================
Received Import Request.
  path: Assets/AnimationIntegration/Scripts/PlayerController.cs
  artifactKey: Guid(d5708103676ed3d449624d73fb27ec48) Importer(815301076,1909f56bfc062723c751e8b465ee728b)
Start importing Assets/AnimationIntegration/Scripts/PlayerController.cs using Guid(d5708103676ed3d449624d73fb27ec48) Importer(815301076,1909f56bfc062723c751e8b465ee728b)  -> (artifact id: 'c5cd8efcb2da434fb696e43dee4e2914') in 0.044769 seconds 
========================================================================
Received Prepare
Registering precompiled user dll's ...
Registered in 0.006022 seconds.
Begin MonoManager ReloadAssembly
Native extension for WindowsStandalone target not found
Native extension for WebGL target not found
Refreshing native plugins compatible for Editor in 0.62 ms, found 1 plugins.
Preloading 0 native plugins for Editor in 0.00 ms.
Mono: successfully reloaded assembly
- Completed reload, in  1.422 seconds
Platform modules already initialized, skipping
Refreshing native plugins compatible for Editor in 0.74 ms, found 1 plugins.
Preloading 0 native plugins for Editor in 0.00 ms.
Unloading 2662 Unused Serialized files (Serialized files now loaded: 0)
System memory in use before: 98.4 MB.
System memory in use after: 98.6 MB.

Unloading 9 unused Assets to reduce memory usage. Loaded Objects now: 3126.
Total: 2.847000 ms (FindLiveObjects: 0.329700 ms CreateObjectMapping: 0.178800 ms MarkObjects: 2.309900 ms  DeleteObjects: 0.026800 ms)

========================================================================
Received Import Request.
  Time since last request: 35.903593 seconds.
  path: Assets/AnimationIntegration/Scripts/PlayerController.cs
  artifactKey: Guid(d5708103676ed3d449624d73fb27ec48) Importer(815301076,1909f56bfc062723c751e8b465ee728b)
Start importing Assets/AnimationIntegration/Scripts/PlayerController.cs using Guid(d5708103676ed3d449624d73fb27ec48) Importer(815301076,1909f56bfc062723c751e8b465ee728b)  -> (artifact id: 'f744992bae752eaafa34a12c5d0ea691') in 0.009859 seconds 
========================================================================
Received Prepare
Registering precompiled user dll's ...
Registered in 0.005938 seconds.
Begin MonoManager ReloadAssembly
Native extension for WindowsStandalone target not found
Native extension for WebGL target not found
Refreshing native plugins compatible for Editor in 0.79 ms, found 1 plugins.
Preloading 0 native plugins for Editor in 0.00 ms.
Mono: successfully reloaded assembly
- Completed reload, in  1.422 seconds
Platform modules already initialized, skipping
Refreshing native plugins compatible for Editor in 0.63 ms, found 1 plugins.
Preloading 0 native plugins for Editor in 0.00 ms.
Unloading 2662 Unused Serialized files (Serialized files now loaded: 0)
System memory in use before: 98.5 MB.
System memory in use after: 98.7 MB.

Unloading 9 unused Assets to reduce memory usage. Loaded Objects now: 3129.
Total: 2.548800 ms (FindLiveObjects: 0.267700 ms CreateObjectMapping: 0.146300 ms MarkObjects: 2.100000 ms  DeleteObjects: 0.032500 ms)

========================================================================
Received Import Request.
  Time since last request: 347.706895 seconds.
  path: Assets/AnimationIntegration/Scripts/PlayerController.cs
  artifactKey: Guid(d5708103676ed3d449624d73fb27ec48) Importer(815301076,1909f56bfc062723c751e8b465ee728b)
Start importing Assets/AnimationIntegration/Scripts/PlayerController.cs using Guid(d5708103676ed3d449624d73fb27ec48) Importer(815301076,1909f56bfc062723c751e8b465ee728b)  -> (artifact id: '2cb86c7eccd0d5099dbba2a9dc3a14e3') in 0.010308 seconds 
========================================================================
Received Prepare
Registering precompiled user dll's ...
Registered in 0.005706 seconds.
Begin MonoManager ReloadAssembly
Native extension for WindowsStandalone target not found
Native extension for WebGL target not found
Refreshing native plugins compatible for Editor in 0.60 ms, found 1 plugins.
Preloading 0 native plugins for Editor in 0.00 ms.
Mono: successfully reloaded assembly
- Completed reload, in  1.403 seconds
Platform modules already initialized, skipping
Refreshing native plugins compatible for Editor in 0.62 ms, found 1 plugins.
Preloading 0 native plugins for Editor in 0.00 ms.
Unloading 2662 Unused Serialized files (Serialized files now loaded: 0)
System memory in use before: 98.5 MB.
System memory in use after: 98.7 MB.

Unloading 9 unused Assets to reduce memory usage. Loaded Objects now: 3132.
Total: 2.756400 ms (FindLiveObjects: 0.281600 ms CreateObjectMapping: 0.148900 ms MarkObjects: 2.301300 ms  DeleteObjects: 0.022000 ms)

========================================================================
Received Import Request.
  Time since last request: 125.524392 seconds.
  path: Assets/AnimationIntegration/Scripts/PlayerController.cs
  artifactKey: Guid(d5708103676ed3d449624d73fb27ec48) Importer(815301076,1909f56bfc062723c751e8b465ee728b)
Start importing Assets/AnimationIntegration/Scripts/PlayerController.cs using Guid(d5708103676ed3d449624d73fb27ec48) Importer(815301076,1909f56bfc062723c751e8b465ee728b)  -> (artifact id: '2cc1b63116117e091d51af0529233669') in 0.009556 seconds 
